# //  ModelSim SE-64 2019.2 Apr 17 2019
# //
# //  Copyright 1991-2019 Mentor Graphics Corporation
# //  All Rights Reserved.
# //
# //  ModelSim SE-64 and its associated documentation contain trade
# //  secrets and commercial or financial information that are the property of
# //  Mentor Graphics Corporation and are privileged, confidential,
# //  and exempt from disclosure under the Freedom of Information Act,
# //  5 U.S.C. Section 552. Furthermore, this information
# //  is prohibited from disclosure under the Trade Secrets Act,
# //  18 U.S.C. Section 1905.
# //
# do {Lenet_TB_simulate.do}
# vsim -voptargs=""+acc"" -L xil_defaultlib -L unisims_ver -L unimacro_ver -L secureip -lib xil_defaultlib xil_defaultlib.Lenet_TB xil_defaultlib.glbl 
# Start time: 16:00:37 on Sep 08,2025
# ** Note: (vsim-3813) Design is being optimized due to module recompilation...
# Loading work.Lenet_TB(fast)
# Loading work.Lenet(fast)
# Loading work.integrationConv(fast)
# Loading work.convLayerMulti(fast)
# Loading work.padding(fast)
# Loading work.convLayerSingle(fast)
# Loading work.RFselector(fast)
# Loading work.convUnit(fast)
# Loading work.processingElement16(fast)
# Loading work.floatMult16(fast)
# Loading work.floatAdd16(fast)
# Loading work.UsingTheRelu16(fast)
# Loading work.MaxPoolMulti(fast)
# Loading work.MaxPoolSingle(fast)
# Loading work.max(fast)
# Loading work.fp16_cmp(fast)
# Loading work.convLayerMulti(fast__1)
# Loading work.padding(fast__1)
# Loading work.convLayerSingle(fast__1)
# Loading work.RFselector(fast__1)
# Loading work.convUnit(fast__1)
# Loading work.UsingTheRelu16(fast__1)
# Loading work.MaxPoolMulti(fast__1)
# Loading work.MaxPoolSingle(fast__1)
# Loading work.convLayerMulti(fast__2)
# Loading work.padding(fast__2)
# Loading work.convLayerSingle(fast__2)
# Loading work.RFselector(fast__2)
# Loading work.convUnit(fast__2)
# Loading work.UsingTheRelu16(fast__2)
# Loading work.MaxPoolMulti(fast__2)
# Loading work.MaxPoolSingle(fast__2)
# Loading work.IEEE162IEEE32(fast)
# Loading work.ANNfull(fast)
# Loading work.weightMemory(fast)
# Loading work.weightMemory(fast__1)
# Loading work.weightMemory(fast__2)
# Loading work.weightMemory(fast__3)
# Loading work.layer(fast)
# Loading work.processingElement(fast)
# Loading work.floatMult(fast)
# Loading work.floatAdd(fast)
# Loading work.activationFunction(fast)
# Loading work.layer(fast__1)
# Loading work.layer(fast__2)
# Loading work.activationFunction(fast__1)
# Loading work.layer(fast__3)
# Loading work.FindMax(fast)
# Loading work.fp32_cmp(fast)
# Loading work.glbl(fast)
# 1
# 1
# .main_pane.wave.interior.cs.body.pw.wf
# .main_pane.structure.interior.cs.body.struct
# .main_pane.objects.interior.cs.body.tree
restart
# ** Note: (vsim-8009) Loading existing optimized design _opt1
# Loading work.Lenet_TB(fast)
# Loading work.Lenet(fast)
# Loading work.integrationConv(fast)
# Loading work.convLayerMulti(fast)
# Loading work.padding(fast)
# Loading work.convLayerSingle(fast)
# Loading work.RFselector(fast)
# Loading work.convUnit(fast)
# Loading work.processingElement16(fast)
# Loading work.floatMult16(fast)
# Loading work.floatAdd16(fast)
# Loading work.UsingTheRelu16(fast)
# Loading work.MaxPoolMulti(fast)
# Loading work.MaxPoolSingle(fast)
# Loading work.max(fast)
# Loading work.fp16_cmp(fast)
# Loading work.convLayerMulti(fast__1)
# Loading work.padding(fast__1)
# Loading work.convLayerSingle(fast__1)
# Loading work.RFselector(fast__1)
# Loading work.convUnit(fast__1)
# Loading work.UsingTheRelu16(fast__1)
# Loading work.MaxPoolMulti(fast__1)
# Loading work.MaxPoolSingle(fast__1)
# Loading work.convLayerMulti(fast__2)
# Loading work.padding(fast__2)
# Loading work.convLayerSingle(fast__2)
# Loading work.RFselector(fast__2)
# Loading work.convUnit(fast__2)
# Loading work.UsingTheRelu16(fast__2)
# Loading work.MaxPoolMulti(fast__2)
# Loading work.MaxPoolSingle(fast__2)
# Loading work.IEEE162IEEE32(fast)
# Loading work.ANNfull(fast)
# Loading work.weightMemory(fast)
# Loading work.weightMemory(fast__1)
# Loading work.weightMemory(fast__2)
# Loading work.weightMemory(fast__3)
# Loading work.layer(fast)
# Loading work.processingElement(fast)
# Loading work.floatMult(fast)
# Loading work.floatAdd(fast)
# Loading work.activationFunction(fast)
# Loading work.layer(fast__1)
# Loading work.layer(fast__2)
# Loading work.activationFunction(fast__1)
# Loading work.layer(fast__3)
# Loading work.FindMax(fast)
# Loading work.fp32_cmp(fast)
# Loading work.glbl(fast)
run -all
# Cur Output is :  2
# Cur Output is :  6
# Cur Output is :  6
# Cur Output is :  7
# Cur Output is :  2
# Cur Output is :  2
# Cur Output is :  2
# Cur Output is :  0
# Cur Output is :  7
# Cur Output is :  4
# Cur Output is :  4
# Cur Output is :  8
# Cur Output is :  7
# Cur Output is :  8
# Cur Output is :  3
# Cur Output is :  1
# Cur Output is :  9
# Cur Output is :  9
# Cur Output is :  3
# Cur Output is :  6
# Cur Output is :  2
# Cur Output is :  9
# Cur Output is :  4
# Cur Output is :  7
# Cur Output is :  7
# Cur Output is :  3
# Cur Output is :  4
# Cur Output is :  0
# Cur Output is :  3
# Cur Output is :  3
# End time: 16:08:30 on Sep 08,2025, Elapsed time: 0:07:53
# Errors: 0, Warnings: 0
