#-----------------------------------------------------------
# Vivado v2019.2 (64-bit)
# SW Build 2708876 on Wed Nov  6 21:40:23 MST 2019
# IP Build 2700528 on Thu Nov  7 00:09:20 MST 2019
# Start of session at: Sun Aug 31 14:47:19 2025
# Process ID: 13832
# Current directory: D:/Material/CSDP/CNN_FPGA
# Command line: vivado.exe -gui_launcher_event rodinguilauncherevent17504 D:\Material\CSDP\CNN_FPGA\CNN_FPGA.xpr
# Log file: D:/Material/CSDP/CNN_FPGA/vivado.log
# Journal file: D:/Material/CSDP/CNN_FPGA\vivado.jou
#-----------------------------------------------------------
start_gui
open_project D:/Material/CSDP/CNN_FPGA/CNN_FPGA.xpr
CRITICAL WARNING: [Project 1-19] Could not find the file 'D:/Material/CSDP/CNN_FPGA/CNN_FPGA.sim/sources_1/new/FindMax.v'.
CRITICAL WARNING: [Project 1-19] Could not find the file 'D:/Material/CSDP/CNN_FPGA/CNN_FPGA.sim/sources_1/new/IEEE162IEEE32.v'.
CRITICAL WARNING: [Project 1-19] Could not find the file 'D:/Material/CSDP/CNN_FPGA/CNN_FPGA.sim/sources_1/new/MaxPoolMulti.v'.
CRITICAL WARNING: [Project 1-19] Could not find the file 'D:/Material/CSDP/CNN_FPGA/CNN_FPGA.sim/sources_1/new/MaxPoolSingle.v'.
CRITICAL WARNING: [Project 1-19] Could not find the file 'D:/Material/CSDP/CNN_FPGA/CNN_FPGA.sim/sources_1/new/UsingTheRelu16.v'.
CRITICAL WARNING: [Project 1-19] Could not find the file 'D:/Material/CSDP/CNN_FPGA/CNN_FPGA.sim/sources_1/new/max.v'.
CRITICAL WARNING: [Project 1-19] Could not find the file 'D:/Material/CSDP/CNN_FPGA/CNN_FPGA.sim/sources_1/new/Lenet.v'.
CRITICAL WARNING: [Project 1-19] Could not find the file 'D:/Material/CSDP/CNN_FPGA/CNN_FPGA.sim/sources_1/new/UsingTheRelu.v'.
CRITICAL WARNING: [Project 1-19] Could not find the file 'D:/Material/CSDP/CNN_FPGA/CNN_FPGA.sim/sources_1/imports/Integration first part/softmax_tb.v'.
Scanning sources...
Finished scanning sources
INFO: [IP_Flow 19-234] Refreshing IP repositories
INFO: [IP_Flow 19-1704] No user IP repositories specified
INFO: [IP_Flow 19-2313] Loaded Vivado IP repository 'D:/Xilinx/Vivado/2019.2/data/ip'.
update_compile_order -fileset sources_1
update_compile_order -fileset sources_1
exit
INFO: [Common 17-206] Exiting Vivado at Sun Aug 31 14:47:55 2025...
