#-----------------------------------------------------------
# Vivado v2019.2 (64-bit)
# SW Build 2708876 on Wed Nov  6 21:40:23 MST 2019
# IP Build 2700528 on Thu Nov  7 00:09:20 MST 2019
# Start of session at: Sun Sep  7 11:16:21 2025
# Process ID: 26992
# Current directory: D:/Material/CSDP/CNN_FPGA
# Command line: vivado.exe -gui_launcher_event rodinguilauncherevent12944 D:\Material\CSDP\CNN_FPGA\CNN_FPGA.xpr
# Log file: D:/Material/CSDP/CNN_FPGA/vivado.log
# Journal file: D:/Material/CSDP/CNN_FPGA\vivado.jou
#-----------------------------------------------------------
start_gui
open_project D:/Material/CSDP/CNN_FPGA/CNN_FPGA.xpr
Scanning sources...
Finished scanning sources
INFO: [IP_Flow 19-234] Refreshing IP repositories
INFO: [IP_Flow 19-1704] No user IP repositories specified
INFO: [IP_Flow 19-2313] Loaded Vivado IP repository 'D:/Xilinx/Vivado/2019.2/data/ip'.
update_compile_order -fileset sources_1
launch_simulation
Command: launch_simulation 
INFO: [Vivado 12-5682] Launching behavioral simulation in 'D:/Material/CSDP/CNN_FPGA/CNN_FPGA.sim/sim_1/behav/modelsim'
INFO: [USF-ModelSim-47] Finding simulator installation...
INFO: [USF-ModelSim-49] Using simulator executables from 'D:\modeltech64_2019.2\win64'
INFO: [SIM-utils-51] Simulation object is 'sim_1'
INFO: [USF-modelsim-7] Finding pre-compiled libraries...
INFO: [USF-modelsim-11] File 'D:/modeltech64_2019.2/Vivado_lib/modelsim.ini' copied to run dir:'D:/Material/CSDP/CNN_FPGA/CNN_FPGA.sim/sim_1/behav/modelsim'
INFO: [SIM-utils-54] Inspecting design source files for 'Lenet_TB' in fileset 'sim_1'...
INFO: [USF-ModelSim-107] Finding global include files...
INFO: [USF-ModelSim-108] Finding include directories and verilog header directory paths...
INFO: [USF-ModelSim-109] Fetching design files from 'sim_1'...
INFO: [USF-ModelSim-2] ModelSim::Compile design
INFO: [USF-ModelSim-15] Creating automatic 'do' files...
INFO: [USF-ModelSim-69] Executing 'COMPILE and ANALYZE' step in 'D:/Material/CSDP/CNN_FPGA/CNN_FPGA.sim/sim_1/behav/modelsim'
Reading D:/modeltech64_2019.2/tcl/vsim/pref.tcl

# 2019.2

# do {Lenet_TB_compile.do}
# ** Warning: (vlib-34) Library already exists at "modelsim_lib/work".
# ** Warning: (vlib-34) Library already exists at "modelsim_lib/msim".
# ** Warning: (vlib-34) Library already exists at "modelsim_lib/msim/xil_defaultlib".
# Model Technology ModelSim SE-64 vmap 2019.2 Lib Mapping Utility 2019.04 Apr 17 2019
# vmap xil_defaultlib modelsim_lib/msim/xil_defaultlib 
# Modifying modelsim.ini
# ** Warning: (vlog-159) Mode option -64 is not supported in this context and will be ignored.
# Model Technology ModelSim SE-64 vlog 2019.2 Compiler 2019.04 Apr 17 2019
# Start time: 11:33:32 on Sep 07,2025
# vlog -64 -incr -work xil_defaultlib ../../../sources_1/new/ANNfull.v ../../../sources_1/new/FindMax.v ../../../sources_1/imports/IEEE162IEEE32.v ../../../sources_1/new/IntegrationConvPart.v ../../../sources_1/new/Lenet.v ../../../sources_1/imports/MaxPoolMulti.v ../../../sources_1/imports/MaxPoolSingle.v ../../../sources_1/imports/RFselector.v ../../../sources_1/imports/UsingTheRelu16.v ../../../sources_1/imports/activationFunction.v ../../../sources_1/new/convLayerMulti.v ../../../sources_1/imports/convLayerSingle.v ../../../sources_1/imports/convUnit.v ../../../sources_1/imports/floatAdd.v ../../../sources_1/imports/floatAdd16.v ../../../sources_1/imports/floatMult.v ../../../sources_1/imports/floatMult16.v ../../../sources_1/imports/layer.v ../../../sources_1/imports/max.v ../../../sources_1/new/padding.v ../../../sources_1/imports/processingElement.v ../../../sources_1/imports/processingElement16.v ../../../sources_1/imports/weightMemory.v ../../../sources_1/TB/Lenet_TB.v 
# -- Skipping module ANNfull
# -- Skipping module FindMax
# -- Skipping module IEEE162IEEE32
# -- Skipping module integrationConv
# -- Skipping module Lenet
# -- Skipping module MaxPoolMulti
# -- Skipping module MaxPoolSingle
# -- Skipping module RFselector
# -- Skipping module UsingTheRelu16
# -- Skipping module activationFunction
# -- Skipping module convLayerMulti
# -- Skipping module convLayerSingle
# -- Skipping module convUnit
# -- Skipping module floatAdd
# -- Skipping module floatAdd16
# -- Skipping module floatMult
# -- Skipping module floatMult16
# -- Skipping module layer
# -- Skipping module max
# -- Skipping module padding
# -- Skipping module processingElement
# -- Skipping module processingElement16
# -- Skipping module weightMemory
# -- Compiling module Lenet_TB
# 
# Top level modules:
# 	Lenet_TB
# End time: 11:33:32 on Sep 07,2025, Elapsed time: 0:00:00
# Errors: 0, Warnings: 1
# Model Technology ModelSim SE-64 vlog 2019.2 Compiler 2019.04 Apr 17 2019
# Start time: 11:33:32 on Sep 07,2025
# vlog -work xil_defaultlib glbl.v 
# -- Compiling module glbl
# 
# Top level modules:
# 	glbl
# End time: 11:33:32 on Sep 07,2025, Elapsed time: 0:00:00
# Errors: 0, Warnings: 0
INFO: [USF-ModelSim-69] 'compile' step finished in '1' seconds
INFO: [USF-ModelSim-4] ModelSim::Simulate design
INFO: [USF-ModelSim-69] Executing 'SIMULATE' step in 'D:/Material/CSDP/CNN_FPGA/CNN_FPGA.sim/sim_1/behav/modelsim'
Program launched (PID=11732)
launch_simulation
Command: launch_simulation 
INFO: [Vivado 12-5682] Launching behavioral simulation in 'D:/Material/CSDP/CNN_FPGA/CNN_FPGA.sim/sim_1/behav/modelsim'
INFO: [USF-ModelSim-47] Finding simulator installation...
INFO: [USF-ModelSim-49] Using simulator executables from 'D:\modeltech64_2019.2\win64'
INFO: [SIM-utils-51] Simulation object is 'sim_1'
INFO: [USF-modelsim-7] Finding pre-compiled libraries...
INFO: [USF-modelsim-11] File 'D:/modeltech64_2019.2/Vivado_lib/modelsim.ini' copied to run dir:'D:/Material/CSDP/CNN_FPGA/CNN_FPGA.sim/sim_1/behav/modelsim'
INFO: [SIM-utils-54] Inspecting design source files for 'Lenet_TB' in fileset 'sim_1'...
INFO: [USF-ModelSim-107] Finding global include files...
INFO: [USF-ModelSim-108] Finding include directories and verilog header directory paths...
INFO: [USF-ModelSim-109] Fetching design files from 'sim_1'...
INFO: [USF-ModelSim-2] ModelSim::Compile design
INFO: [USF-ModelSim-15] Creating automatic 'do' files...
INFO: [USF-ModelSim-69] Executing 'COMPILE and ANALYZE' step in 'D:/Material/CSDP/CNN_FPGA/CNN_FPGA.sim/sim_1/behav/modelsim'
Reading D:/modeltech64_2019.2/tcl/vsim/pref.tcl

# 2019.2

# do {Lenet_TB_compile.do}
# ** Warning: (vlib-34) Library already exists at "modelsim_lib/work".
# ** Warning: (vlib-34) Library already exists at "modelsim_lib/msim".
# ** Warning: (vlib-34) Library already exists at "modelsim_lib/msim/xil_defaultlib".
# Model Technology ModelSim SE-64 vmap 2019.2 Lib Mapping Utility 2019.04 Apr 17 2019
# vmap xil_defaultlib modelsim_lib/msim/xil_defaultlib 
# Modifying modelsim.ini
# ** Warning: (vlog-159) Mode option -64 is not supported in this context and will be ignored.
# Model Technology ModelSim SE-64 vlog 2019.2 Compiler 2019.04 Apr 17 2019
# Start time: 11:36:23 on Sep 07,2025
# vlog -64 -incr -work xil_defaultlib ../../../sources_1/new/ANNfull.v ../../../sources_1/new/FindMax.v ../../../sources_1/imports/IEEE162IEEE32.v ../../../sources_1/new/IntegrationConvPart.v ../../../sources_1/new/Lenet.v ../../../sources_1/imports/MaxPoolMulti.v ../../../sources_1/imports/MaxPoolSingle.v ../../../sources_1/imports/RFselector.v ../../../sources_1/imports/UsingTheRelu16.v ../../../sources_1/imports/activationFunction.v ../../../sources_1/new/convLayerMulti.v ../../../sources_1/imports/convLayerSingle.v ../../../sources_1/imports/convUnit.v ../../../sources_1/imports/floatAdd.v ../../../sources_1/imports/floatAdd16.v ../../../sources_1/imports/floatMult.v ../../../sources_1/imports/floatMult16.v ../../../sources_1/imports/layer.v ../../../sources_1/imports/max.v ../../../sources_1/new/padding.v ../../../sources_1/imports/processingElement.v ../../../sources_1/imports/processingElement16.v ../../../sources_1/imports/weightMemory.v ../../../sources_1/TB/Lenet_TB.v 
# -- Compiling module ANNfull
# -- Skipping module FindMax
# -- Skipping module IEEE162IEEE32
# -- Skipping module integrationConv
# -- Skipping module Lenet
# -- Skipping module MaxPoolMulti
# -- Skipping module MaxPoolSingle
# -- Skipping module RFselector
# -- Skipping module UsingTheRelu16
# -- Skipping module activationFunction
# -- Skipping module convLayerMulti
# -- Skipping module convLayerSingle
# -- Skipping module convUnit
# -- Skipping module floatAdd
# -- Skipping module floatAdd16
# -- Skipping module floatMult
# -- Skipping module floatMult16
# -- Skipping module layer
# -- Skipping module max
# -- Skipping module padding
# -- Skipping module processingElement
# -- Skipping module processingElement16
# -- Skipping module weightMemory
# -- Skipping module Lenet_TB
# 
# Top level modules:
# 	Lenet_TB
# End time: 11:36:23 on Sep 07,2025, Elapsed time: 0:00:00
# Errors: 0, Warnings: 1
# Model Technology ModelSim SE-64 vlog 2019.2 Compiler 2019.04 Apr 17 2019
# Start time: 11:36:23 on Sep 07,2025
# vlog -work xil_defaultlib glbl.v 
# -- Compiling module glbl
# 
# Top level modules:
# 	glbl
# End time: 11:36:23 on Sep 07,2025, Elapsed time: 0:00:00
# Errors: 0, Warnings: 0
INFO: [USF-ModelSim-69] 'compile' step finished in '1' seconds
INFO: [USF-ModelSim-4] ModelSim::Simulate design
INFO: [USF-ModelSim-69] Executing 'SIMULATE' step in 'D:/Material/CSDP/CNN_FPGA/CNN_FPGA.sim/sim_1/behav/modelsim'
Program launched (PID=27896)
launch_simulation
Command: launch_simulation 
INFO: [Vivado 12-5682] Launching behavioral simulation in 'D:/Material/CSDP/CNN_FPGA/CNN_FPGA.sim/sim_1/behav/modelsim'
INFO: [USF-ModelSim-47] Finding simulator installation...
INFO: [USF-ModelSim-49] Using simulator executables from 'D:\modeltech64_2019.2\win64'
INFO: [SIM-utils-51] Simulation object is 'sim_1'
INFO: [USF-modelsim-7] Finding pre-compiled libraries...
INFO: [USF-modelsim-11] File 'D:/modeltech64_2019.2/Vivado_lib/modelsim.ini' copied to run dir:'D:/Material/CSDP/CNN_FPGA/CNN_FPGA.sim/sim_1/behav/modelsim'
INFO: [SIM-utils-54] Inspecting design source files for 'Lenet_TB' in fileset 'sim_1'...
INFO: [USF-ModelSim-107] Finding global include files...
INFO: [USF-ModelSim-108] Finding include directories and verilog header directory paths...
INFO: [USF-ModelSim-109] Fetching design files from 'sim_1'...
INFO: [USF-ModelSim-2] ModelSim::Compile design
INFO: [USF-ModelSim-15] Creating automatic 'do' files...
INFO: [USF-ModelSim-69] Executing 'COMPILE and ANALYZE' step in 'D:/Material/CSDP/CNN_FPGA/CNN_FPGA.sim/sim_1/behav/modelsim'
Reading D:/modeltech64_2019.2/tcl/vsim/pref.tcl

# 2019.2

# do {Lenet_TB_compile.do}
# ** Warning: (vlib-34) Library already exists at "modelsim_lib/work".
# ** Warning: (vlib-34) Library already exists at "modelsim_lib/msim".
# ** Warning: (vlib-34) Library already exists at "modelsim_lib/msim/xil_defaultlib".
# Model Technology ModelSim SE-64 vmap 2019.2 Lib Mapping Utility 2019.04 Apr 17 2019
# vmap xil_defaultlib modelsim_lib/msim/xil_defaultlib 
# Modifying modelsim.ini
# ** Warning: (vlog-159) Mode option -64 is not supported in this context and will be ignored.
# Model Technology ModelSim SE-64 vlog 2019.2 Compiler 2019.04 Apr 17 2019
# Start time: 11:43:52 on Sep 07,2025
# vlog -64 -incr -work xil_defaultlib ../../../sources_1/new/ANNfull.v ../../../sources_1/new/FindMax.v ../../../sources_1/imports/IEEE162IEEE32.v ../../../sources_1/new/IntegrationConvPart.v ../../../sources_1/new/Lenet.v ../../../sources_1/imports/MaxPoolMulti.v ../../../sources_1/imports/MaxPoolSingle.v ../../../sources_1/imports/RFselector.v ../../../sources_1/imports/UsingTheRelu16.v ../../../sources_1/imports/activationFunction.v ../../../sources_1/new/convLayerMulti.v ../../../sources_1/imports/convLayerSingle.v ../../../sources_1/imports/convUnit.v ../../../sources_1/imports/floatAdd.v ../../../sources_1/imports/floatAdd16.v ../../../sources_1/imports/floatMult.v ../../../sources_1/imports/floatMult16.v ../../../sources_1/imports/layer.v ../../../sources_1/imports/max.v ../../../sources_1/new/padding.v ../../../sources_1/imports/processingElement.v ../../../sources_1/imports/processingElement16.v ../../../sources_1/imports/weightMemory.v ../../../sources_1/TB/Lenet_TB.v 
# -- Skipping module ANNfull
# -- Skipping module FindMax
# -- Skipping module IEEE162IEEE32
# -- Skipping module integrationConv
# -- Skipping module Lenet
# -- Skipping module MaxPoolMulti
# -- Skipping module MaxPoolSingle
# -- Skipping module RFselector
# -- Skipping module UsingTheRelu16
# -- Skipping module activationFunction
# -- Skipping module convLayerMulti
# -- Skipping module convLayerSingle
# -- Skipping module convUnit
# -- Skipping module floatAdd
# -- Skipping module floatAdd16
# -- Skipping module floatMult
# -- Skipping module floatMult16
# -- Skipping module layer
# -- Skipping module max
# -- Skipping module padding
# -- Skipping module processingElement
# -- Skipping module processingElement16
# -- Skipping module weightMemory
# -- Compiling module Lenet_TB
# 
# Top level modules:
# 	Lenet_TB
# End time: 11:43:52 on Sep 07,2025, Elapsed time: 0:00:00
# Errors: 0, Warnings: 1
# Model Technology ModelSim SE-64 vlog 2019.2 Compiler 2019.04 Apr 17 2019
# Start time: 11:43:52 on Sep 07,2025
# vlog -work xil_defaultlib glbl.v 
# -- Compiling module glbl
# 
# Top level modules:
# 	glbl
# End time: 11:43:52 on Sep 07,2025, Elapsed time: 0:00:00
# Errors: 0, Warnings: 0
INFO: [USF-ModelSim-69] 'compile' step finished in '1' seconds
INFO: [USF-ModelSim-4] ModelSim::Simulate design
INFO: [USF-ModelSim-69] Executing 'SIMULATE' step in 'D:/Material/CSDP/CNN_FPGA/CNN_FPGA.sim/sim_1/behav/modelsim'
Program launched (PID=19812)
launch_simulation
Command: launch_simulation 
INFO: [Vivado 12-5682] Launching behavioral simulation in 'D:/Material/CSDP/CNN_FPGA/CNN_FPGA.sim/sim_1/behav/modelsim'
INFO: [USF-ModelSim-47] Finding simulator installation...
INFO: [USF-ModelSim-49] Using simulator executables from 'D:\modeltech64_2019.2\win64'
INFO: [SIM-utils-51] Simulation object is 'sim_1'
INFO: [USF-modelsim-7] Finding pre-compiled libraries...
INFO: [USF-modelsim-11] File 'D:/modeltech64_2019.2/Vivado_lib/modelsim.ini' copied to run dir:'D:/Material/CSDP/CNN_FPGA/CNN_FPGA.sim/sim_1/behav/modelsim'
INFO: [SIM-utils-54] Inspecting design source files for 'Lenet_TB' in fileset 'sim_1'...
INFO: [USF-ModelSim-107] Finding global include files...
INFO: [USF-ModelSim-108] Finding include directories and verilog header directory paths...
INFO: [USF-ModelSim-109] Fetching design files from 'sim_1'...
INFO: [USF-ModelSim-2] ModelSim::Compile design
INFO: [USF-ModelSim-15] Creating automatic 'do' files...
INFO: [USF-ModelSim-69] Executing 'COMPILE and ANALYZE' step in 'D:/Material/CSDP/CNN_FPGA/CNN_FPGA.sim/sim_1/behav/modelsim'
Reading D:/modeltech64_2019.2/tcl/vsim/pref.tcl

# 2019.2

# do {Lenet_TB_compile.do}
# ** Warning: (vlib-34) Library already exists at "modelsim_lib/work".
# ** Warning: (vlib-34) Library already exists at "modelsim_lib/msim".
# ** Warning: (vlib-34) Library already exists at "modelsim_lib/msim/xil_defaultlib".
# Model Technology ModelSim SE-64 vmap 2019.2 Lib Mapping Utility 2019.04 Apr 17 2019
# vmap xil_defaultlib modelsim_lib/msim/xil_defaultlib 
# Modifying modelsim.ini
# ** Warning: (vlog-159) Mode option -64 is not supported in this context and will be ignored.
# Model Technology ModelSim SE-64 vlog 2019.2 Compiler 2019.04 Apr 17 2019
# Start time: 12:06:33 on Sep 07,2025
# vlog -64 -incr -work xil_defaultlib ../../../sources_1/new/ANNfull.v ../../../sources_1/new/FindMax.v ../../../sources_1/imports/IEEE162IEEE32.v ../../../sources_1/new/IntegrationConvPart.v ../../../sources_1/new/Lenet.v ../../../sources_1/imports/MaxPoolMulti.v ../../../sources_1/imports/MaxPoolSingle.v ../../../sources_1/imports/RFselector.v ../../../sources_1/imports/UsingTheRelu16.v ../../../sources_1/imports/activationFunction.v ../../../sources_1/new/convLayerMulti.v ../../../sources_1/imports/convLayerSingle.v ../../../sources_1/imports/convUnit.v ../../../sources_1/imports/floatAdd.v ../../../sources_1/imports/floatAdd16.v ../../../sources_1/imports/floatMult.v ../../../sources_1/imports/floatMult16.v ../../../sources_1/imports/layer.v ../../../sources_1/imports/max.v ../../../sources_1/new/padding.v ../../../sources_1/imports/processingElement.v ../../../sources_1/imports/processingElement16.v ../../../sources_1/imports/weightMemory.v ../../../sources_1/TB/Lenet_TB.v 
# -- Skipping module ANNfull
# -- Skipping module FindMax
# -- Skipping module IEEE162IEEE32
# -- Skipping module integrationConv
# -- Skipping module Lenet
# -- Skipping module MaxPoolMulti
# -- Skipping module MaxPoolSingle
# -- Skipping module RFselector
# -- Skipping module UsingTheRelu16
# -- Skipping module activationFunction
# -- Skipping module convLayerMulti
# -- Skipping module convLayerSingle
# -- Skipping module convUnit
# -- Skipping module floatAdd
# -- Skipping module floatAdd16
# -- Skipping module floatMult
# -- Skipping module floatMult16
# -- Skipping module layer
# -- Skipping module max
# -- Skipping module padding
# -- Skipping module processingElement
# -- Skipping module processingElement16
# -- Skipping module weightMemory
# -- Compiling module Lenet_TB
# 
# Top level modules:
# 	Lenet_TB
# End time: 12:06:33 on Sep 07,2025, Elapsed time: 0:00:00
# Errors: 0, Warnings: 1
# Model Technology ModelSim SE-64 vlog 2019.2 Compiler 2019.04 Apr 17 2019
# Start time: 12:06:33 on Sep 07,2025
# vlog -work xil_defaultlib glbl.v 
# -- Compiling module glbl
# 
# Top level modules:
# 	glbl
# End time: 12:06:33 on Sep 07,2025, Elapsed time: 0:00:00
# Errors: 0, Warnings: 0
INFO: [USF-ModelSim-69] 'compile' step finished in '1' seconds
INFO: [USF-ModelSim-4] ModelSim::Simulate design
INFO: [USF-ModelSim-69] Executing 'SIMULATE' step in 'D:/Material/CSDP/CNN_FPGA/CNN_FPGA.sim/sim_1/behav/modelsim'
Program launched (PID=1740)
launch_simulation
Command: launch_simulation 
INFO: [Vivado 12-5682] Launching behavioral simulation in 'D:/Material/CSDP/CNN_FPGA/CNN_FPGA.sim/sim_1/behav/modelsim'
INFO: [USF-ModelSim-47] Finding simulator installation...
INFO: [USF-ModelSim-49] Using simulator executables from 'D:\modeltech64_2019.2\win64'
INFO: [SIM-utils-51] Simulation object is 'sim_1'
INFO: [USF-modelsim-7] Finding pre-compiled libraries...
INFO: [USF-modelsim-11] File 'D:/modeltech64_2019.2/Vivado_lib/modelsim.ini' copied to run dir:'D:/Material/CSDP/CNN_FPGA/CNN_FPGA.sim/sim_1/behav/modelsim'
INFO: [SIM-utils-54] Inspecting design source files for 'Lenet_TB' in fileset 'sim_1'...
INFO: [USF-ModelSim-107] Finding global include files...
INFO: [USF-ModelSim-108] Finding include directories and verilog header directory paths...
INFO: [USF-ModelSim-109] Fetching design files from 'sim_1'...
INFO: [USF-ModelSim-2] ModelSim::Compile design
INFO: [USF-ModelSim-15] Creating automatic 'do' files...
INFO: [USF-ModelSim-69] Executing 'COMPILE and ANALYZE' step in 'D:/Material/CSDP/CNN_FPGA/CNN_FPGA.sim/sim_1/behav/modelsim'
Reading D:/modeltech64_2019.2/tcl/vsim/pref.tcl

# 2019.2

# do {Lenet_TB_compile.do}
# ** Warning: (vlib-34) Library already exists at "modelsim_lib/work".
# ** Warning: (vlib-34) Library already exists at "modelsim_lib/msim".
# ** Warning: (vlib-34) Library already exists at "modelsim_lib/msim/xil_defaultlib".
# Model Technology ModelSim SE-64 vmap 2019.2 Lib Mapping Utility 2019.04 Apr 17 2019
# vmap xil_defaultlib modelsim_lib/msim/xil_defaultlib 
# Modifying modelsim.ini
# ** Warning: (vlog-159) Mode option -64 is not supported in this context and will be ignored.
# Model Technology ModelSim SE-64 vlog 2019.2 Compiler 2019.04 Apr 17 2019
# Start time: 12:09:17 on Sep 07,2025
# vlog -64 -incr -work xil_defaultlib ../../../sources_1/new/ANNfull.v ../../../sources_1/new/FindMax.v ../../../sources_1/imports/IEEE162IEEE32.v ../../../sources_1/new/IntegrationConvPart.v ../../../sources_1/new/Lenet.v ../../../sources_1/imports/MaxPoolMulti.v ../../../sources_1/imports/MaxPoolSingle.v ../../../sources_1/imports/RFselector.v ../../../sources_1/imports/UsingTheRelu16.v ../../../sources_1/imports/activationFunction.v ../../../sources_1/new/convLayerMulti.v ../../../sources_1/imports/convLayerSingle.v ../../../sources_1/imports/convUnit.v ../../../sources_1/imports/floatAdd.v ../../../sources_1/imports/floatAdd16.v ../../../sources_1/imports/floatMult.v ../../../sources_1/imports/floatMult16.v ../../../sources_1/imports/layer.v ../../../sources_1/imports/max.v ../../../sources_1/new/padding.v ../../../sources_1/imports/processingElement.v ../../../sources_1/imports/processingElement16.v ../../../sources_1/imports/weightMemory.v ../../../sources_1/TB/Lenet_TB.v 
# -- Skipping module ANNfull
# -- Skipping module FindMax
# -- Skipping module IEEE162IEEE32
# -- Skipping module integrationConv
# -- Skipping module Lenet
# -- Skipping module MaxPoolMulti
# -- Skipping module MaxPoolSingle
# -- Skipping module RFselector
# -- Skipping module UsingTheRelu16
# -- Skipping module activationFunction
# -- Skipping module convLayerMulti
# -- Skipping module convLayerSingle
# -- Skipping module convUnit
# -- Skipping module floatAdd
# -- Skipping module floatAdd16
# -- Skipping module floatMult
# -- Skipping module floatMult16
# -- Skipping module layer
# -- Skipping module max
# -- Skipping module padding
# -- Skipping module processingElement
# -- Skipping module processingElement16
# -- Skipping module weightMemory
# -- Skipping module Lenet_TB
# 
# Top level modules:
# 	Lenet_TB
# End time: 12:09:17 on Sep 07,2025, Elapsed time: 0:00:00
# Errors: 0, Warnings: 1
# Model Technology ModelSim SE-64 vlog 2019.2 Compiler 2019.04 Apr 17 2019
# Start time: 12:09:17 on Sep 07,2025
# vlog -work xil_defaultlib glbl.v 
# -- Compiling module glbl
# 
# Top level modules:
# 	glbl
# End time: 12:09:17 on Sep 07,2025, Elapsed time: 0:00:00
# Errors: 0, Warnings: 0
INFO: [USF-ModelSim-69] 'compile' step finished in '2' seconds
INFO: [USF-ModelSim-4] ModelSim::Simulate design
INFO: [USF-ModelSim-69] Executing 'SIMULATE' step in 'D:/Material/CSDP/CNN_FPGA/CNN_FPGA.sim/sim_1/behav/modelsim'
Program launched (PID=16588)
launch_simulation
Command: launch_simulation 
INFO: [Vivado 12-5682] Launching behavioral simulation in 'D:/Material/CSDP/CNN_FPGA/CNN_FPGA.sim/sim_1/behav/modelsim'
INFO: [USF-ModelSim-47] Finding simulator installation...
INFO: [USF-ModelSim-49] Using simulator executables from 'D:\modeltech64_2019.2\win64'
INFO: [SIM-utils-51] Simulation object is 'sim_1'
INFO: [USF-modelsim-7] Finding pre-compiled libraries...
INFO: [USF-modelsim-11] File 'D:/modeltech64_2019.2/Vivado_lib/modelsim.ini' copied to run dir:'D:/Material/CSDP/CNN_FPGA/CNN_FPGA.sim/sim_1/behav/modelsim'
INFO: [SIM-utils-54] Inspecting design source files for 'Lenet_TB' in fileset 'sim_1'...
INFO: [USF-ModelSim-107] Finding global include files...
INFO: [USF-ModelSim-108] Finding include directories and verilog header directory paths...
INFO: [USF-ModelSim-109] Fetching design files from 'sim_1'...
INFO: [USF-ModelSim-2] ModelSim::Compile design
INFO: [USF-ModelSim-15] Creating automatic 'do' files...
INFO: [USF-ModelSim-69] Executing 'COMPILE and ANALYZE' step in 'D:/Material/CSDP/CNN_FPGA/CNN_FPGA.sim/sim_1/behav/modelsim'
Reading D:/modeltech64_2019.2/tcl/vsim/pref.tcl

# 2019.2

# do {Lenet_TB_compile.do}
# ** Warning: (vlib-34) Library already exists at "modelsim_lib/work".
# ** Warning: (vlib-34) Library already exists at "modelsim_lib/msim".
# ** Warning: (vlib-34) Library already exists at "modelsim_lib/msim/xil_defaultlib".
# Model Technology ModelSim SE-64 vmap 2019.2 Lib Mapping Utility 2019.04 Apr 17 2019
# vmap xil_defaultlib modelsim_lib/msim/xil_defaultlib 
# Modifying modelsim.ini
# ** Warning: (vlog-159) Mode option -64 is not supported in this context and will be ignored.
# Model Technology ModelSim SE-64 vlog 2019.2 Compiler 2019.04 Apr 17 2019
# Start time: 12:11:35 on Sep 07,2025
# vlog -64 -incr -work xil_defaultlib ../../../sources_1/new/ANNfull.v ../../../sources_1/new/FindMax.v ../../../sources_1/imports/IEEE162IEEE32.v ../../../sources_1/new/IntegrationConvPart.v ../../../sources_1/new/Lenet.v ../../../sources_1/imports/MaxPoolMulti.v ../../../sources_1/imports/MaxPoolSingle.v ../../../sources_1/imports/RFselector.v ../../../sources_1/imports/UsingTheRelu16.v ../../../sources_1/imports/activationFunction.v ../../../sources_1/new/convLayerMulti.v ../../../sources_1/imports/convLayerSingle.v ../../../sources_1/imports/convUnit.v ../../../sources_1/imports/floatAdd.v ../../../sources_1/imports/floatAdd16.v ../../../sources_1/imports/floatMult.v ../../../sources_1/imports/floatMult16.v ../../../sources_1/imports/layer.v ../../../sources_1/imports/max.v ../../../sources_1/new/padding.v ../../../sources_1/imports/processingElement.v ../../../sources_1/imports/processingElement16.v ../../../sources_1/imports/weightMemory.v ../../../sources_1/TB/Lenet_TB.v 
# -- Skipping module ANNfull
# -- Skipping module FindMax
# -- Skipping module IEEE162IEEE32
# -- Skipping module integrationConv
# -- Skipping module Lenet
# -- Skipping module MaxPoolMulti
# -- Skipping module MaxPoolSingle
# -- Skipping module RFselector
# -- Skipping module UsingTheRelu16
# -- Skipping module activationFunction
# -- Skipping module convLayerMulti
# -- Skipping module convLayerSingle
# -- Skipping module convUnit
# -- Skipping module floatAdd
# -- Skipping module floatAdd16
# -- Skipping module floatMult
# -- Skipping module floatMult16
# -- Skipping module layer
# -- Skipping module max
# -- Skipping module padding
# -- Skipping module processingElement
# -- Skipping module processingElement16
# -- Skipping module weightMemory
# -- Skipping module Lenet_TB
# 
# Top level modules:
# 	Lenet_TB
# End time: 12:11:35 on Sep 07,2025, Elapsed time: 0:00:00
# Errors: 0, Warnings: 1
# Model Technology ModelSim SE-64 vlog 2019.2 Compiler 2019.04 Apr 17 2019
# Start time: 12:11:35 on Sep 07,2025
# vlog -work xil_defaultlib glbl.v 
# -- Compiling module glbl
# 
# Top level modules:
# 	glbl
# End time: 12:11:35 on Sep 07,2025, Elapsed time: 0:00:00
# Errors: 0, Warnings: 0
INFO: [USF-ModelSim-69] 'compile' step finished in '1' seconds
INFO: [USF-ModelSim-4] ModelSim::Simulate design
INFO: [USF-ModelSim-69] Executing 'SIMULATE' step in 'D:/Material/CSDP/CNN_FPGA/CNN_FPGA.sim/sim_1/behav/modelsim'
Program launched (PID=19444)
exit
INFO: [Common 17-206] Exiting Vivado at Sun Sep  7 12:17:09 2025...
